2026-04-29 10:14:35 - [32msrc.api.main[0m - [32mINFO[0m - lifespan:33 - {"version": "1.0.0", "event": "AirSense API starting up", "logger": "src.api.main", "level": "info", "timestamp": "2026-04-29T07:14:35.239767Z"}
2026-04-29 10:14:35 - [32msrc.data.processor[0m - [32mINFO[0m - _create_spark_session:59 - {"config": {"spark.app.name": "AirSense", "spark.sql.adaptive.enabled": "true", "spark.sql.adaptive.coalescePartitions.enabled": "true", "spark.sql.adaptive.advisoryPartitionSizeInBytes": "128MB", "spark.sql.execution.arrow.pyspark.enabled": "true", "spark.serializer": "org.apache.spark.serializer.KryoSerializer", "spark.executor.memory": "4g", "spark.driver.memory": "2g", "spark.executor.cores": "2"}, "event": "Creating Spark session", "logger": "src.data.processor", "level": "info", "timestamp": "2026-04-29T07:14:35.255949Z"}
2026-04-29 10:14:36 - [31msrc.data.processor[0m - [31mERROR[0m - _create_spark_session:76 - {"error": "[JAVA_GATEWAY_EXITED] Java gateway process exited before sending its port number.", "event": "Failed to create Spark session", "logger": "src.data.processor", "level": "error", "timestamp": "2026-04-29T07:14:36.361350Z"}
2026-04-29 10:14:36 - [31msrc.api.main[0m - [31mERROR[0m - initialize_components:78 - {"error": "Failed to create Spark session: [JAVA_GATEWAY_EXITED] Java gateway process exited before sending its port number.", "event": "Component initialization failed", "logger": "src.api.main", "level": "error", "timestamp": "2026-04-29T07:14:36.362288Z"}
2026-04-29 10:14:36 - [31msrc.api.main[0m - [31mERROR[0m - lifespan:43 - {"error": "Failed to create Spark session: [JAVA_GATEWAY_EXITED] Java gateway process exited before sending its port number.", "event": "Failed to initialize AirSense API", "logger": "src.api.main", "level": "error", "timestamp": "2026-04-29T07:14:36.365627Z"}
2026-04-29 11:16:30 - [32msrc.api.main[0m - [32mINFO[0m - lifespan:33 - {"version": "1.0.0", "event": "AirSense API starting up", "logger": "src.api.main", "level": "info", "timestamp": "2026-04-29T11:16:30.545360Z"}
2026-04-29 11:16:30 - [32msrc.api.main[0m - [32mINFO[0m - initialize_components:71 - {"event": "TimeSeriesForecaster initialized", "logger": "src.api.main", "level": "info", "timestamp": "2026-04-29T11:16:30.546094Z"}
2026-04-29 11:16:30 - [32msrc.data.processor[0m - [32mINFO[0m - _create_spark_session:59 - {"config": {"spark.app.name": "AirSense", "spark.sql.adaptive.enabled": "true", "spark.sql.adaptive.coalescePartitions.enabled": "true", "spark.sql.adaptive.advisoryPartitionSizeInBytes": "128MB", "spark.sql.execution.arrow.pyspark.enabled": "true", "spark.serializer": "org.apache.spark.serializer.KryoSerializer", "spark.executor.memory": "4g", "spark.driver.memory": "2g", "spark.executor.cores": "2"}, "event": "Creating Spark session", "logger": "src.data.processor", "level": "info", "timestamp": "2026-04-29T11:16:30.546321Z"}
2026-04-29 11:16:47 - [32msrc.data.processor[0m - [32mINFO[0m - _create_spark_session:72 - {"event": "Spark session created successfully", "logger": "src.data.processor", "level": "info", "timestamp": "2026-04-29T11:16:47.196380Z"}
2026-04-29 11:16:47 - [32msrc.api.main[0m - [32mINFO[0m - initialize_components:80 - {"event": "SparkDataProcessor initialized", "logger": "src.api.main", "level": "info", "timestamp": "2026-04-29T11:16:47.197224Z"}
2026-04-29 11:16:47 - [32msrc.api.main[0m - [32mINFO[0m - initialize_components:89 - {"event": "Components initialized successfully", "logger": "src.api.main", "level": "info", "timestamp": "2026-04-29T11:16:47.197504Z"}
2026-04-29 11:16:47 - [32msrc.api.main[0m - [32mINFO[0m - lifespan:38 - {"event": "AirSense API startup completed", "logger": "src.api.main", "level": "info", "timestamp": "2026-04-29T11:16:47.197751Z"}
2026-04-29 11:19:47 - [32msrc.api.main[0m - [32mINFO[0m - log_requests:122 - {"method": "GET", "url": "http://127.0.0.1:8000/", "client_ip": "127.0.0.1", "event": "Request started", "logger": "src.api.main", "level": "info", "timestamp": "2026-04-29T11:19:47.525393Z"}
2026-04-29 11:19:47 - [32msrc.api.main[0m - [32mINFO[0m - log_requests:134 - {"method": "GET", "url": "http://127.0.0.1:8000/", "status_code": 200, "process_time": 0.0012524127960205078, "event": "Request completed", "logger": "src.api.main", "level": "info", "timestamp": "2026-04-29T11:19:47.526604Z"}
2026-04-29 11:21:15 - [32msrc.api.main[0m - [32mINFO[0m - log_requests:122 - {"method": "GET", "url": "http://localhost:8000/health", "client_ip": "127.0.0.1", "event": "Request started", "logger": "src.api.main", "level": "info", "timestamp": "2026-04-29T11:21:15.649947Z"}
2026-04-29 11:21:15 - [32msrc.api.main[0m - [32mINFO[0m - log_requests:134 - {"method": "GET", "url": "http://localhost:8000/health", "status_code": 200, "process_time": 0.0031898021697998047, "event": "Request completed", "logger": "src.api.main", "level": "info", "timestamp": "2026-04-29T11:21:15.653110Z"}
2026-04-29 11:21:15 - [32msrc.api.main[0m - [32mINFO[0m - log_requests:122 - {"method": "GET", "url": "http://localhost:8000/aqi", "client_ip": "127.0.0.1", "event": "Request started", "logger": "src.api.main", "level": "info", "timestamp": "2026-04-29T11:21:15.656859Z"}
2026-04-29 11:21:15 - [32msrc.api.main[0m - [32mINFO[0m - log_requests:134 - {"method": "GET", "url": "http://localhost:8000/aqi", "status_code": 404, "process_time": 0.000751495361328125, "event": "Request completed", "logger": "src.api.main", "level": "info", "timestamp": "2026-04-29T11:21:15.657598Z"}
2026-04-29 11:21:15 - [32msrc.api.main[0m - [32mINFO[0m - log_requests:122 - {"method": "GET", "url": "http://localhost:8000/data?limit=168", "client_ip": "127.0.0.1", "event": "Request started", "logger": "src.api.main", "level": "info", "timestamp": "2026-04-29T11:21:15.664334Z"}
2026-04-29 11:21:15 - [32msrc.api.main[0m - [32mINFO[0m - log_requests:134 - {"method": "GET", "url": "http://localhost:8000/data?limit=168", "status_code": 404, "process_time": 0.0005726814270019531, "event": "Request completed", "logger": "src.api.main", "level": "info", "timestamp": "2026-04-29T11:21:15.664895Z"}
2026-04-29 11:22:10 - [32msrc.api.main[0m - [32mINFO[0m - log_requests:122 - {"method": "GET", "url": "http://localhost:8000/models", "client_ip": "127.0.0.1", "event": "Request started", "logger": "src.api.main", "level": "info", "timestamp": "2026-04-29T11:22:10.594749Z"}
2026-04-29 11:22:10 - [32msrc.api.main[0m - [32mINFO[0m - log_requests:134 - {"method": "GET", "url": "http://localhost:8000/models", "status_code": 404, "process_time": 0.0006442070007324219, "event": "Request completed", "logger": "src.api.main", "level": "info", "timestamp": "2026-04-29T11:22:10.595361Z"}
2026-04-29 11:22:25 - [32msrc.api.main[0m - [32mINFO[0m - log_requests:122 - {"method": "GET", "url": "http://localhost:8000/aqi", "client_ip": "127.0.0.1", "event": "Request started", "logger": "src.api.main", "level": "info", "timestamp": "2026-04-29T11:22:25.255008Z"}
2026-04-29 11:22:25 - [32msrc.api.main[0m - [32mINFO[0m - log_requests:134 - {"method": "GET", "url": "http://localhost:8000/aqi", "status_code": 404, "process_time": 0.0006558895111083984, "event": "Request completed", "logger": "src.api.main", "level": "info", "timestamp": "2026-04-29T11:22:25.255636Z"}
2026-04-29 11:22:25 - [32msrc.api.main[0m - [32mINFO[0m - log_requests:122 - {"method": "GET", "url": "http://localhost:8000/stats", "client_ip": "127.0.0.1", "event": "Request started", "logger": "src.api.main", "level": "info", "timestamp": "2026-04-29T11:22:25.259337Z"}
2026-04-29 11:22:25 - [32msrc.api.main[0m - [32mINFO[0m - log_requests:134 - {"method": "GET", "url": "http://localhost:8000/stats", "status_code": 404, "process_time": 0.0004661083221435547, "event": "Request completed", "logger": "src.api.main", "level": "info", "timestamp": "2026-04-29T11:22:25.259795Z"}
2026-04-29 11:27:40 - [32msrc.api.main[0m - [32mINFO[0m - log_requests:122 - {"method": "GET", "url": "https://localhost:8000/", "client_ip": "213.55.85.89", "event": "Request started", "logger": "src.api.main", "level": "info", "timestamp": "2026-04-29T11:27:40.116150Z"}
2026-04-29 11:27:40 - [32msrc.api.main[0m - [32mINFO[0m - log_requests:134 - {"method": "GET", "url": "https://localhost:8000/", "status_code": 200, "process_time": 0.0007839202880859375, "event": "Request completed", "logger": "src.api.main", "level": "info", "timestamp": "2026-04-29T11:27:40.116912Z"}
2026-04-29 11:27:43 - [32msrc.api.main[0m - [32mINFO[0m - log_requests:122 - {"method": "GET", "url": "https://localhost:8000/favicon.ico", "client_ip": "213.55.85.89", "event": "Request started", "logger": "src.api.main", "level": "info", "timestamp": "2026-04-29T11:27:43.183708Z"}
2026-04-29 11:27:43 - [32msrc.api.main[0m - [32mINFO[0m - log_requests:134 - {"method": "GET", "url": "https://localhost:8000/favicon.ico", "status_code": 404, "process_time": 0.0008940696716308594, "event": "Request completed", "logger": "src.api.main", "level": "info", "timestamp": "2026-04-29T11:27:43.184579Z"}
2026-04-29 11:29:21 - [32msrc.api.main[0m - [32mINFO[0m - log_requests:122 - {"method": "GET", "url": "https://localhost:8000/", "client_ip": "213.55.85.89", "event": "Request started", "logger": "src.api.main", "level": "info", "timestamp": "2026-04-29T11:29:21.616923Z"}
2026-04-29 11:29:21 - [32msrc.api.main[0m - [32mINFO[0m - log_requests:134 - {"method": "GET", "url": "https://localhost:8000/", "status_code": 200, "process_time": 0.0007746219635009766, "event": "Request completed", "logger": "src.api.main", "level": "info", "timestamp": "2026-04-29T11:29:21.617674Z"}
2026-04-29 11:29:54 - [32msrc.api.main[0m - [32mINFO[0m - log_requests:122 - {"method": "POST", "url": "http://127.0.0.1:8000/api/v1/pipeline/run", "client_ip": "127.0.0.1", "event": "Request started", "logger": "src.api.main", "level": "info", "timestamp": "2026-04-29T11:29:54.646119Z"}
2026-04-29 11:29:54 - [31msrc.api.main[0m - [31mERROR[0m - log_requests:149 - {"method": "POST", "url": "http://127.0.0.1:8000/api/v1/pipeline/run", "error": "'app'", "process_time": 0.0011057853698730469, "event": "Request failed", "logger": "src.api.main", "level": "error", "timestamp": "2026-04-29T11:29:54.647204Z"}
2026-04-29 11:29:54 - [31msrc.api.main[0m - [31mERROR[0m - general_exception_handler:185 - {"error": "'app'", "type": "KeyError", "event": "Unhandled exception", "logger": "src.api.main", "level": "error", "timestamp": "2026-04-29T11:29:54.647632Z"}
2026-04-29 11:30:48 - [32msrc.api.main[0m - [32mINFO[0m - lifespan:47 - {"event": "AirSense API shutting down", "logger": "src.api.main", "level": "info", "timestamp": "2026-04-29T11:30:48.803351Z"}
2026-04-29 11:31:05 - [32msrc.api.main[0m - [32mINFO[0m - lifespan:33 - {"version": "1.0.0", "event": "AirSense API starting up", "logger": "src.api.main", "level": "info", "timestamp": "2026-04-29T11:31:05.636636Z"}
2026-04-29 11:31:05 - [32msrc.api.main[0m - [32mINFO[0m - initialize_components:71 - {"event": "TimeSeriesForecaster initialized", "logger": "src.api.main", "level": "info", "timestamp": "2026-04-29T11:31:05.637256Z"}
2026-04-29 11:31:05 - [32msrc.data.processor[0m - [32mINFO[0m - _create_spark_session:59 - {"config": {"spark.app.name": "AirSense", "spark.sql.adaptive.enabled": "true", "spark.sql.adaptive.coalescePartitions.enabled": "true", "spark.sql.adaptive.advisoryPartitionSizeInBytes": "128MB", "spark.sql.execution.arrow.pyspark.enabled": "true", "spark.serializer": "org.apache.spark.serializer.KryoSerializer", "spark.executor.memory": "4g", "spark.driver.memory": "2g", "spark.executor.cores": "2"}, "event": "Creating Spark session", "logger": "src.data.processor", "level": "info", "timestamp": "2026-04-29T11:31:05.637586Z"}
2026-04-29 11:31:05 - [32msrc.api.main[0m - [32mINFO[0m - lifespan:33 - {"version": "1.0.0", "event": "AirSense API starting up", "logger": "src.api.main", "level": "info", "timestamp": "2026-04-29T11:31:05.687529Z"}
2026-04-29 11:31:05 - [32msrc.api.main[0m - [32mINFO[0m - initialize_components:71 - {"event": "TimeSeriesForecaster initialized", "logger": "src.api.main", "level": "info", "timestamp": "2026-04-29T11:31:05.688237Z"}
2026-04-29 11:31:05 - [32msrc.data.processor[0m - [32mINFO[0m - _create_spark_session:59 - {"config": {"spark.app.name": "AirSense", "spark.sql.adaptive.enabled": "true", "spark.sql.adaptive.coalescePartitions.enabled": "true", "spark.sql.adaptive.advisoryPartitionSizeInBytes": "128MB", "spark.sql.execution.arrow.pyspark.enabled": "true", "spark.serializer": "org.apache.spark.serializer.KryoSerializer", "spark.executor.memory": "4g", "spark.driver.memory": "2g", "spark.executor.cores": "2"}, "event": "Creating Spark session", "logger": "src.data.processor", "level": "info", "timestamp": "2026-04-29T11:31:05.688620Z"}
2026-04-29 11:31:05 - [32msrc.api.main[0m - [32mINFO[0m - lifespan:33 - {"version": "1.0.0", "event": "AirSense API starting up", "logger": "src.api.main", "level": "info", "timestamp": "2026-04-29T11:31:05.692410Z"}
2026-04-29 11:31:05 - [32msrc.api.main[0m - [32mINFO[0m - initialize_components:71 - {"event": "TimeSeriesForecaster initialized", "logger": "src.api.main", "level": "info", "timestamp": "2026-04-29T11:31:05.692878Z"}
2026-04-29 11:31:05 - [32msrc.data.processor[0m - [32mINFO[0m - _create_spark_session:59 - {"config": {"spark.app.name": "AirSense", "spark.sql.adaptive.enabled": "true", "spark.sql.adaptive.coalescePartitions.enabled": "true", "spark.sql.adaptive.advisoryPartitionSizeInBytes": "128MB", "spark.sql.execution.arrow.pyspark.enabled": "true", "spark.serializer": "org.apache.spark.serializer.KryoSerializer", "spark.executor.memory": "4g", "spark.driver.memory": "2g", "spark.executor.cores": "2"}, "event": "Creating Spark session", "logger": "src.data.processor", "level": "info", "timestamp": "2026-04-29T11:31:05.693374Z"}
2026-04-29 11:31:25 - [32msrc.data.processor[0m - [32mINFO[0m - _create_spark_session:72 - {"event": "Spark session created successfully", "logger": "src.data.processor", "level": "info", "timestamp": "2026-04-29T11:31:25.872682Z"}
2026-04-29 11:31:25 - [32msrc.api.main[0m - [32mINFO[0m - initialize_components:80 - {"event": "SparkDataProcessor initialized", "logger": "src.api.main", "level": "info", "timestamp": "2026-04-29T11:31:25.873466Z"}
2026-04-29 11:31:25 - [32msrc.api.main[0m - [32mINFO[0m - initialize_components:89 - {"event": "Components initialized successfully", "logger": "src.api.main", "level": "info", "timestamp": "2026-04-29T11:31:25.873662Z"}
2026-04-29 11:31:25 - [32msrc.api.main[0m - [32mINFO[0m - lifespan:38 - {"event": "AirSense API startup completed", "logger": "src.api.main", "level": "info", "timestamp": "2026-04-29T11:31:25.873901Z"}
2026-04-29 11:31:25 - [32msrc.data.processor[0m - [32mINFO[0m - _create_spark_session:72 - {"event": "Spark session created successfully", "logger": "src.data.processor", "level": "info", "timestamp": "2026-04-29T11:31:25.917964Z"}
2026-04-29 11:31:25 - [32msrc.api.main[0m - [32mINFO[0m - initialize_components:80 - {"event": "SparkDataProcessor initialized", "logger": "src.api.main", "level": "info", "timestamp": "2026-04-29T11:31:25.918547Z"}
2026-04-29 11:31:25 - [32msrc.api.main[0m - [32mINFO[0m - initialize_components:89 - {"event": "Components initialized successfully", "logger": "src.api.main", "level": "info", "timestamp": "2026-04-29T11:31:25.918881Z"}
2026-04-29 11:31:25 - [32msrc.api.main[0m - [32mINFO[0m - lifespan:38 - {"event": "AirSense API startup completed", "logger": "src.api.main", "level": "info", "timestamp": "2026-04-29T11:31:25.919199Z"}
2026-04-29 11:31:25 - [32mpy4j.clientserver[0m - [32mINFO[0m - close:570 - Closing down clientserver connection
2026-04-29 11:31:25 - [32msrc.api.main[0m - [32mINFO[0m - lifespan:47 - {"event": "AirSense API shutting down", "logger": "src.api.main", "level": "info", "timestamp": "2026-04-29T11:31:25.978109Z"}
2026-04-29 11:31:36 - [32msrc.api.main[0m - [32mINFO[0m - lifespan:33 - {"version": "1.0.0", "event": "AirSense API starting up", "logger": "src.api.main", "level": "info", "timestamp": "2026-04-29T11:31:36.919906Z"}
2026-04-29 11:31:36 - [32msrc.api.main[0m - [32mINFO[0m - initialize_components:71 - {"event": "TimeSeriesForecaster initialized", "logger": "src.api.main", "level": "info", "timestamp": "2026-04-29T11:31:36.923696Z"}
2026-04-29 11:31:36 - [32msrc.data.processor[0m - [32mINFO[0m - _create_spark_session:59 - {"config": {"spark.app.name": "AirSense", "spark.sql.adaptive.enabled": "true", "spark.sql.adaptive.coalescePartitions.enabled": "true", "spark.sql.adaptive.advisoryPartitionSizeInBytes": "128MB", "spark.sql.execution.arrow.pyspark.enabled": "true", "spark.serializer": "org.apache.spark.serializer.KryoSerializer", "spark.executor.memory": "4g", "spark.driver.memory": "2g", "spark.executor.cores": "2"}, "event": "Creating Spark session", "logger": "src.data.processor", "level": "info", "timestamp": "2026-04-29T11:31:36.924100Z"}
2026-04-29 11:31:38 - [32msrc.api.main[0m - [32mINFO[0m - lifespan:33 - {"version": "1.0.0", "event": "AirSense API starting up", "logger": "src.api.main", "level": "info", "timestamp": "2026-04-29T11:31:38.179467Z"}
2026-04-29 11:31:38 - [32msrc.api.main[0m - [32mINFO[0m - initialize_components:71 - {"event": "TimeSeriesForecaster initialized", "logger": "src.api.main", "level": "info", "timestamp": "2026-04-29T11:31:38.180204Z"}
2026-04-29 11:31:38 - [32msrc.data.processor[0m - [32mINFO[0m - _create_spark_session:59 - {"config": {"spark.app.name": "AirSense", "spark.sql.adaptive.enabled": "true", "spark.sql.adaptive.coalescePartitions.enabled": "true", "spark.sql.adaptive.advisoryPartitionSizeInBytes": "128MB", "spark.sql.execution.arrow.pyspark.enabled": "true", "spark.serializer": "org.apache.spark.serializer.KryoSerializer", "spark.executor.memory": "4g", "spark.driver.memory": "2g", "spark.executor.cores": "2"}, "event": "Creating Spark session", "logger": "src.data.processor", "level": "info", "timestamp": "2026-04-29T11:31:38.180608Z"}
2026-04-29 11:31:53 - [32msrc.data.processor[0m - [32mINFO[0m - _create_spark_session:72 - {"event": "Spark session created successfully", "logger": "src.data.processor", "level": "info", "timestamp": "2026-04-29T11:31:53.813525Z"}
2026-04-29 11:31:53 - [32msrc.api.main[0m - [32mINFO[0m - initialize_components:80 - {"event": "SparkDataProcessor initialized", "logger": "src.api.main", "level": "info", "timestamp": "2026-04-29T11:31:53.816571Z"}
2026-04-29 11:31:53 - [32msrc.api.main[0m - [32mINFO[0m - initialize_components:89 - {"event": "Components initialized successfully", "logger": "src.api.main", "level": "info", "timestamp": "2026-04-29T11:31:53.816815Z"}
2026-04-29 11:31:53 - [32msrc.api.main[0m - [32mINFO[0m - lifespan:38 - {"event": "AirSense API startup completed", "logger": "src.api.main", "level": "info", "timestamp": "2026-04-29T11:31:53.817024Z"}
2026-04-29 11:31:53 - [32msrc.data.processor[0m - [32mINFO[0m - _create_spark_session:72 - {"event": "Spark session created successfully", "logger": "src.data.processor", "level": "info", "timestamp": "2026-04-29T11:31:53.903164Z"}
2026-04-29 11:31:53 - [32msrc.api.main[0m - [32mINFO[0m - initialize_components:80 - {"event": "SparkDataProcessor initialized", "logger": "src.api.main", "level": "info", "timestamp": "2026-04-29T11:31:53.903821Z"}
2026-04-29 11:31:53 - [32msrc.api.main[0m - [32mINFO[0m - initialize_components:89 - {"event": "Components initialized successfully", "logger": "src.api.main", "level": "info", "timestamp": "2026-04-29T11:31:53.904095Z"}
2026-04-29 11:31:53 - [32msrc.api.main[0m - [32mINFO[0m - lifespan:38 - {"event": "AirSense API startup completed", "logger": "src.api.main", "level": "info", "timestamp": "2026-04-29T11:31:53.904343Z"}
2026-04-29 11:31:53 - [32mpy4j.clientserver[0m - [32mINFO[0m - close:570 - Closing down clientserver connection
2026-04-29 11:33:32 - [32msrc.api.main[0m - [32mINFO[0m - lifespan:47 - {"event": "AirSense API shutting down", "logger": "src.api.main", "level": "info", "timestamp": "2026-04-29T11:33:32.328693Z"}
2026-04-29 11:33:44 - [32msrc.api.main[0m - [32mINFO[0m - lifespan:33 - {"version": "1.0.0", "event": "AirSense API starting up", "logger": "src.api.main", "level": "info", "timestamp": "2026-04-29T11:33:44.395260Z"}
2026-04-29 11:33:44 - [32msrc.api.main[0m - [32mINFO[0m - initialize_components:71 - {"event": "TimeSeriesForecaster initialized", "logger": "src.api.main", "level": "info", "timestamp": "2026-04-29T11:33:44.395931Z"}
2026-04-29 11:33:44 - [32msrc.data.processor[0m - [32mINFO[0m - _create_spark_session:59 - {"config": {"spark.app.name": "AirSense", "spark.sql.adaptive.enabled": "true", "spark.sql.adaptive.coalescePartitions.enabled": "true", "spark.sql.adaptive.advisoryPartitionSizeInBytes": "128MB", "spark.sql.execution.arrow.pyspark.enabled": "true", "spark.serializer": "org.apache.spark.serializer.KryoSerializer", "spark.executor.memory": "4g", "spark.driver.memory": "2g", "spark.executor.cores": "2"}, "event": "Creating Spark session", "logger": "src.data.processor", "level": "info", "timestamp": "2026-04-29T11:33:44.396281Z"}
2026-04-29 11:33:44 - [32msrc.api.main[0m - [32mINFO[0m - lifespan:33 - {"version": "1.0.0", "event": "AirSense API starting up", "logger": "src.api.main", "level": "info", "timestamp": "2026-04-29T11:33:44.773953Z"}
2026-04-29 11:33:44 - [32msrc.api.main[0m - [32mINFO[0m - initialize_components:71 - {"event": "TimeSeriesForecaster initialized", "logger": "src.api.main", "level": "info", "timestamp": "2026-04-29T11:33:44.777711Z"}
2026-04-29 11:33:44 - [32msrc.data.processor[0m - [32mINFO[0m - _create_spark_session:59 - {"config": {"spark.app.name": "AirSense", "spark.sql.adaptive.enabled": "true", "spark.sql.adaptive.coalescePartitions.enabled": "true", "spark.sql.adaptive.advisoryPartitionSizeInBytes": "128MB", "spark.sql.execution.arrow.pyspark.enabled": "true", "spark.serializer": "org.apache.spark.serializer.KryoSerializer", "spark.executor.memory": "4g", "spark.driver.memory": "2g", "spark.executor.cores": "2"}, "event": "Creating Spark session", "logger": "src.data.processor", "level": "info", "timestamp": "2026-04-29T11:33:44.778345Z"}
2026-04-29 11:34:02 - [32msrc.data.processor[0m - [32mINFO[0m - _create_spark_session:72 - {"event": "Spark session created successfully", "logger": "src.data.processor", "level": "info", "timestamp": "2026-04-29T11:34:02.538659Z"}
2026-04-29 11:34:02 - [32msrc.api.main[0m - [32mINFO[0m - initialize_components:80 - {"event": "SparkDataProcessor initialized", "logger": "src.api.main", "level": "info", "timestamp": "2026-04-29T11:34:02.539303Z"}
2026-04-29 11:34:02 - [32msrc.api.main[0m - [32mINFO[0m - initialize_components:89 - {"event": "Components initialized successfully", "logger": "src.api.main", "level": "info", "timestamp": "2026-04-29T11:34:02.541628Z"}
2026-04-29 11:34:02 - [32msrc.api.main[0m - [32mINFO[0m - lifespan:38 - {"event": "AirSense API startup completed", "logger": "src.api.main", "level": "info", "timestamp": "2026-04-29T11:34:02.541911Z"}
2026-04-29 11:34:02 - [32mpy4j.clientserver[0m - [32mINFO[0m - close:570 - Closing down clientserver connection
2026-04-29 11:34:02 - [32msrc.data.processor[0m - [32mINFO[0m - _create_spark_session:72 - {"event": "Spark session created successfully", "logger": "src.data.processor", "level": "info", "timestamp": "2026-04-29T11:34:02.775000Z"}
2026-04-29 11:34:02 - [32msrc.api.main[0m - [32mINFO[0m - initialize_components:80 - {"event": "SparkDataProcessor initialized", "logger": "src.api.main", "level": "info", "timestamp": "2026-04-29T11:34:02.775626Z"}
2026-04-29 11:34:02 - [32msrc.api.main[0m - [32mINFO[0m - initialize_components:89 - {"event": "Components initialized successfully", "logger": "src.api.main", "level": "info", "timestamp": "2026-04-29T11:34:02.776026Z"}
2026-04-29 11:34:02 - [32msrc.api.main[0m - [32mINFO[0m - lifespan:38 - {"event": "AirSense API startup completed", "logger": "src.api.main", "level": "info", "timestamp": "2026-04-29T11:34:02.776345Z"}
2026-04-29 11:34:24 - [32msrc.api.main[0m - [32mINFO[0m - lifespan:47 - {"event": "AirSense API shutting down", "logger": "src.api.main", "level": "info", "timestamp": "2026-04-29T11:34:24.184254Z"}
2026-04-29 11:34:49 - [32msrc.api.main[0m - [32mINFO[0m - lifespan:33 - {"version": "1.0.0", "event": "AirSense API starting up", "logger": "src.api.main", "level": "info", "timestamp": "2026-04-29T11:34:49.507252Z"}
2026-04-29 11:34:49 - [32msrc.api.main[0m - [32mINFO[0m - initialize_components:71 - {"event": "TimeSeriesForecaster initialized", "logger": "src.api.main", "level": "info", "timestamp": "2026-04-29T11:34:49.507594Z"}
2026-04-29 11:34:49 - [32msrc.data.processor[0m - [32mINFO[0m - _create_spark_session:59 - {"config": {"spark.app.name": "AirSense", "spark.sql.adaptive.enabled": "true", "spark.sql.adaptive.coalescePartitions.enabled": "true", "spark.sql.adaptive.advisoryPartitionSizeInBytes": "128MB", "spark.sql.execution.arrow.pyspark.enabled": "true", "spark.serializer": "org.apache.spark.serializer.KryoSerializer", "spark.executor.memory": "4g", "spark.driver.memory": "2g", "spark.executor.cores": "2"}, "event": "Creating Spark session", "logger": "src.data.processor", "level": "info", "timestamp": "2026-04-29T11:34:49.507821Z"}
2026-04-29 11:34:59 - [32msrc.data.processor[0m - [32mINFO[0m - _create_spark_session:72 - {"event": "Spark session created successfully", "logger": "src.data.processor", "level": "info", "timestamp": "2026-04-29T11:34:59.399703Z"}
2026-04-29 11:34:59 - [32msrc.api.main[0m - [32mINFO[0m - initialize_components:80 - {"event": "SparkDataProcessor initialized", "logger": "src.api.main", "level": "info", "timestamp": "2026-04-29T11:34:59.400377Z"}
2026-04-29 11:34:59 - [32msrc.api.main[0m - [32mINFO[0m - initialize_components:89 - {"event": "Components initialized successfully", "logger": "src.api.main", "level": "info", "timestamp": "2026-04-29T11:34:59.400660Z"}
2026-04-29 11:34:59 - [32msrc.api.main[0m - [32mINFO[0m - lifespan:38 - {"event": "AirSense API startup completed", "logger": "src.api.main", "level": "info", "timestamp": "2026-04-29T11:34:59.402562Z"}
2026-04-29 11:36:11 - [32msrc.api.main[0m - [32mINFO[0m - log_requests:122 - {"method": "POST", "url": "http://127.0.0.1:8000/api/v1/pipeline/run", "client_ip": "127.0.0.1", "event": "Request started", "logger": "src.api.main", "level": "info", "timestamp": "2026-04-29T11:36:11.796532Z"}
2026-04-29 11:36:11 - [32msrc.api.main[0m - [32mINFO[0m - log_requests:134 - {"method": "POST", "url": "http://127.0.0.1:8000/api/v1/pipeline/run", "status_code": 200, "process_time": 0.001623392105102539, "event": "Request completed", "logger": "src.api.main", "level": "info", "timestamp": "2026-04-29T11:36:11.798120Z"}
2026-04-29 11:36:11 - [32msrc.api.routes[0m - [32mINFO[0m - _run_pipeline_task:344 - {"event": "Starting pipeline execution in background", "logger": "src.api.routes", "level": "info", "timestamp": "2026-04-29T11:36:11.798935Z"}
2026-04-29 11:36:11 - [31msrc.api.routes[0m - [31mERROR[0m - _run_pipeline_task:349 - {"event": "Input file not found: data/raw/beijing_demo.csv", "logger": "src.api.routes", "level": "error", "timestamp": "2026-04-29T11:36:11.799144Z"}
2026-04-29 11:36:58 - [32msrc.api.main[0m - [32mINFO[0m - lifespan:47 - {"event": "AirSense API shutting down", "logger": "src.api.main", "level": "info", "timestamp": "2026-04-29T11:36:58.895705Z"}
2026-04-29 11:37:08 - [32msrc.api.main[0m - [32mINFO[0m - lifespan:33 - {"version": "1.0.0", "event": "AirSense API starting up", "logger": "src.api.main", "level": "info", "timestamp": "2026-04-29T11:37:08.424814Z"}
2026-04-29 11:37:08 - [32msrc.api.main[0m - [32mINFO[0m - initialize_components:71 - {"event": "TimeSeriesForecaster initialized", "logger": "src.api.main", "level": "info", "timestamp": "2026-04-29T11:37:08.425509Z"}
2026-04-29 11:37:08 - [32msrc.data.processor[0m - [32mINFO[0m - _create_spark_session:59 - {"config": {"spark.app.name": "AirSense", "spark.sql.adaptive.enabled": "true", "spark.sql.adaptive.coalescePartitions.enabled": "true", "spark.sql.adaptive.advisoryPartitionSizeInBytes": "128MB", "spark.sql.execution.arrow.pyspark.enabled": "true", "spark.serializer": "org.apache.spark.serializer.KryoSerializer", "spark.executor.memory": "4g", "spark.driver.memory": "2g", "spark.executor.cores": "2"}, "event": "Creating Spark session", "logger": "src.data.processor", "level": "info", "timestamp": "2026-04-29T11:37:08.426031Z"}
2026-04-29 11:37:08 - [32msrc.api.main[0m - [32mINFO[0m - lifespan:33 - {"version": "1.0.0", "event": "AirSense API starting up", "logger": "src.api.main", "level": "info", "timestamp": "2026-04-29T11:37:08.740556Z"}
2026-04-29 11:37:08 - [32msrc.api.main[0m - [32mINFO[0m - initialize_components:71 - {"event": "TimeSeriesForecaster initialized", "logger": "src.api.main", "level": "info", "timestamp": "2026-04-29T11:37:08.741529Z"}
2026-04-29 11:37:08 - [32msrc.data.processor[0m - [32mINFO[0m - _create_spark_session:59 - {"config": {"spark.app.name": "AirSense", "spark.sql.adaptive.enabled": "true", "spark.sql.adaptive.coalescePartitions.enabled": "true", "spark.sql.adaptive.advisoryPartitionSizeInBytes": "128MB", "spark.sql.execution.arrow.pyspark.enabled": "true", "spark.serializer": "org.apache.spark.serializer.KryoSerializer", "spark.executor.memory": "4g", "spark.driver.memory": "2g", "spark.executor.cores": "2"}, "event": "Creating Spark session", "logger": "src.data.processor", "level": "info", "timestamp": "2026-04-29T11:37:08.742477Z"}
2026-04-29 11:37:24 - [32msrc.data.processor[0m - [32mINFO[0m - _create_spark_session:72 - {"event": "Spark session created successfully", "logger": "src.data.processor", "level": "info", "timestamp": "2026-04-29T11:37:24.709598Z"}
2026-04-29 11:37:24 - [32msrc.api.main[0m - [32mINFO[0m - initialize_components:80 - {"event": "SparkDataProcessor initialized", "logger": "src.api.main", "level": "info", "timestamp": "2026-04-29T11:37:24.710301Z"}
2026-04-29 11:37:24 - [32msrc.api.main[0m - [32mINFO[0m - initialize_components:89 - {"event": "Components initialized successfully", "logger": "src.api.main", "level": "info", "timestamp": "2026-04-29T11:37:24.712499Z"}
2026-04-29 11:37:24 - [32msrc.api.main[0m - [32mINFO[0m - lifespan:38 - {"event": "AirSense API startup completed", "logger": "src.api.main", "level": "info", "timestamp": "2026-04-29T11:37:24.712699Z"}
2026-04-29 11:37:24 - [32mpy4j.clientserver[0m - [32mINFO[0m - close:570 - Closing down clientserver connection
2026-04-29 11:37:25 - [32msrc.data.processor[0m - [32mINFO[0m - _create_spark_session:72 - {"event": "Spark session created successfully", "logger": "src.data.processor", "level": "info", "timestamp": "2026-04-29T11:37:25.215323Z"}
2026-04-29 11:37:25 - [32msrc.api.main[0m - [32mINFO[0m - initialize_components:80 - {"event": "SparkDataProcessor initialized", "logger": "src.api.main", "level": "info", "timestamp": "2026-04-29T11:37:25.217080Z"}
2026-04-29 11:37:25 - [32msrc.api.main[0m - [32mINFO[0m - initialize_components:89 - {"event": "Components initialized successfully", "logger": "src.api.main", "level": "info", "timestamp": "2026-04-29T11:37:25.217415Z"}
2026-04-29 11:37:25 - [32msrc.api.main[0m - [32mINFO[0m - lifespan:38 - {"event": "AirSense API startup completed", "logger": "src.api.main", "level": "info", "timestamp": "2026-04-29T11:37:25.217744Z"}
2026-04-29 11:37:25 - [32msrc.api.main[0m - [32mINFO[0m - lifespan:47 - {"event": "AirSense API shutting down", "logger": "src.api.main", "level": "info", "timestamp": "2026-04-29T11:37:25.319736Z"}
2026-04-29 11:37:35 - [32msrc.api.main[0m - [32mINFO[0m - lifespan:33 - {"version": "1.0.0", "event": "AirSense API starting up", "logger": "src.api.main", "level": "info", "timestamp": "2026-04-29T11:37:35.453976Z"}
2026-04-29 11:37:35 - [32msrc.api.main[0m - [32mINFO[0m - initialize_components:71 - {"event": "TimeSeriesForecaster initialized", "logger": "src.api.main", "level": "info", "timestamp": "2026-04-29T11:37:35.454721Z"}
2026-04-29 11:37:35 - [32msrc.data.processor[0m - [32mINFO[0m - _create_spark_session:59 - {"config": {"spark.app.name": "AirSense", "spark.sql.adaptive.enabled": "true", "spark.sql.adaptive.coalescePartitions.enabled": "true", "spark.sql.adaptive.advisoryPartitionSizeInBytes": "128MB", "spark.sql.execution.arrow.pyspark.enabled": "true", "spark.serializer": "org.apache.spark.serializer.KryoSerializer", "spark.executor.memory": "4g", "spark.driver.memory": "2g", "spark.executor.cores": "2"}, "event": "Creating Spark session", "logger": "src.data.processor", "level": "info", "timestamp": "2026-04-29T11:37:35.463276Z"}
2026-04-29 11:37:36 - [32msrc.api.main[0m - [32mINFO[0m - lifespan:33 - {"version": "1.0.0", "event": "AirSense API starting up", "logger": "src.api.main", "level": "info", "timestamp": "2026-04-29T11:37:36.511170Z"}
2026-04-29 11:37:36 - [32msrc.api.main[0m - [32mINFO[0m - initialize_components:71 - {"event": "TimeSeriesForecaster initialized", "logger": "src.api.main", "level": "info", "timestamp": "2026-04-29T11:37:36.511844Z"}
2026-04-29 11:37:36 - [32msrc.data.processor[0m - [32mINFO[0m - _create_spark_session:59 - {"config": {"spark.app.name": "AirSense", "spark.sql.adaptive.enabled": "true", "spark.sql.adaptive.coalescePartitions.enabled": "true", "spark.sql.adaptive.advisoryPartitionSizeInBytes": "128MB", "spark.sql.execution.arrow.pyspark.enabled": "true", "spark.serializer": "org.apache.spark.serializer.KryoSerializer", "spark.executor.memory": "4g", "spark.driver.memory": "2g", "spark.executor.cores": "2"}, "event": "Creating Spark session", "logger": "src.data.processor", "level": "info", "timestamp": "2026-04-29T11:37:36.512218Z"}
2026-04-29 11:37:51 - [32msrc.data.processor[0m - [32mINFO[0m - _create_spark_session:72 - {"event": "Spark session created successfully", "logger": "src.data.processor", "level": "info", "timestamp": "2026-04-29T11:37:51.661664Z"}
2026-04-29 11:37:51 - [32msrc.api.main[0m - [32mINFO[0m - initialize_components:80 - {"event": "SparkDataProcessor initialized", "logger": "src.api.main", "level": "info", "timestamp": "2026-04-29T11:37:51.664747Z"}
2026-04-29 11:37:51 - [32msrc.api.main[0m - [32mINFO[0m - initialize_components:89 - {"event": "Components initialized successfully", "logger": "src.api.main", "level": "info", "timestamp": "2026-04-29T11:37:51.665136Z"}
2026-04-29 11:37:51 - [32msrc.api.main[0m - [32mINFO[0m - lifespan:38 - {"event": "AirSense API startup completed", "logger": "src.api.main", "level": "info", "timestamp": "2026-04-29T11:37:51.665361Z"}
2026-04-29 11:37:51 - [32msrc.data.processor[0m - [32mINFO[0m - _create_spark_session:72 - {"event": "Spark session created successfully", "logger": "src.data.processor", "level": "info", "timestamp": "2026-04-29T11:37:51.993936Z"}
2026-04-29 11:37:51 - [32msrc.api.main[0m - [32mINFO[0m - initialize_components:80 - {"event": "SparkDataProcessor initialized", "logger": "src.api.main", "level": "info", "timestamp": "2026-04-29T11:37:51.995963Z"}
2026-04-29 11:37:51 - [32msrc.api.main[0m - [32mINFO[0m - initialize_components:89 - {"event": "Components initialized successfully", "logger": "src.api.main", "level": "info", "timestamp": "2026-04-29T11:37:51.996291Z"}
2026-04-29 11:37:51 - [32msrc.api.main[0m - [32mINFO[0m - lifespan:38 - {"event": "AirSense API startup completed", "logger": "src.api.main", "level": "info", "timestamp": "2026-04-29T11:37:51.996734Z"}
2026-04-29 11:37:52 - [32mpy4j.clientserver[0m - [32mINFO[0m - close:570 - Closing down clientserver connection
2026-04-29 11:38:41 - [32msrc.api.main[0m - [32mINFO[0m - lifespan:47 - {"event": "AirSense API shutting down", "logger": "src.api.main", "level": "info", "timestamp": "2026-04-29T11:38:41.544186Z"}
2026-04-29 11:38:51 - [32msrc.api.main[0m - [32mINFO[0m - lifespan:33 - {"version": "1.0.0", "event": "AirSense API starting up", "logger": "src.api.main", "level": "info", "timestamp": "2026-04-29T11:38:51.180122Z"}
2026-04-29 11:38:51 - [32msrc.api.main[0m - [32mINFO[0m - initialize_components:71 - {"event": "TimeSeriesForecaster initialized", "logger": "src.api.main", "level": "info", "timestamp": "2026-04-29T11:38:51.180593Z"}
2026-04-29 11:38:51 - [32msrc.data.processor[0m - [32mINFO[0m - _create_spark_session:59 - {"config": {"spark.app.name": "AirSense", "spark.sql.adaptive.enabled": "true", "spark.sql.adaptive.coalescePartitions.enabled": "true", "spark.sql.adaptive.advisoryPartitionSizeInBytes": "128MB", "spark.sql.execution.arrow.pyspark.enabled": "true", "spark.serializer": "org.apache.spark.serializer.KryoSerializer", "spark.executor.memory": "4g", "spark.driver.memory": "2g", "spark.executor.cores": "2"}, "event": "Creating Spark session", "logger": "src.data.processor", "level": "info", "timestamp": "2026-04-29T11:38:51.180906Z"}
2026-04-29 11:38:51 - [32msrc.api.main[0m - [32mINFO[0m - lifespan:33 - {"version": "1.0.0", "event": "AirSense API starting up", "logger": "src.api.main", "level": "info", "timestamp": "2026-04-29T11:38:51.747765Z"}
2026-04-29 11:38:51 - [32msrc.api.main[0m - [32mINFO[0m - initialize_components:71 - {"event": "TimeSeriesForecaster initialized", "logger": "src.api.main", "level": "info", "timestamp": "2026-04-29T11:38:51.748139Z"}
2026-04-29 11:38:51 - [32msrc.data.processor[0m - [32mINFO[0m - _create_spark_session:59 - {"config": {"spark.app.name": "AirSense", "spark.sql.adaptive.enabled": "true", "spark.sql.adaptive.coalescePartitions.enabled": "true", "spark.sql.adaptive.advisoryPartitionSizeInBytes": "128MB", "spark.sql.execution.arrow.pyspark.enabled": "true", "spark.serializer": "org.apache.spark.serializer.KryoSerializer", "spark.executor.memory": "4g", "spark.driver.memory": "2g", "spark.executor.cores": "2"}, "event": "Creating Spark session", "logger": "src.data.processor", "level": "info", "timestamp": "2026-04-29T11:38:51.748420Z"}
2026-04-29 11:39:08 - [32msrc.data.processor[0m - [32mINFO[0m - _create_spark_session:72 - {"event": "Spark session created successfully", "logger": "src.data.processor", "level": "info", "timestamp": "2026-04-29T11:39:08.704216Z"}
2026-04-29 11:39:08 - [32msrc.api.main[0m - [32mINFO[0m - initialize_components:80 - {"event": "SparkDataProcessor initialized", "logger": "src.api.main", "level": "info", "timestamp": "2026-04-29T11:39:08.704874Z"}
2026-04-29 11:39:08 - [32msrc.api.main[0m - [32mINFO[0m - initialize_components:89 - {"event": "Components initialized successfully", "logger": "src.api.main", "level": "info", "timestamp": "2026-04-29T11:39:08.706435Z"}
2026-04-29 11:39:08 - [32msrc.api.main[0m - [32mINFO[0m - lifespan:38 - {"event": "AirSense API startup completed", "logger": "src.api.main", "level": "info", "timestamp": "2026-04-29T11:39:08.706704Z"}
2026-04-29 11:39:08 - [32msrc.api.main[0m - [32mINFO[0m - log_requests:122 - {"method": "POST", "url": "http://127.0.0.1:8000/api/v1/pipeline/run", "client_ip": "127.0.0.1", "event": "Request started", "logger": "src.api.main", "level": "info", "timestamp": "2026-04-29T11:39:08.715762Z"}
2026-04-29 11:39:08 - [32msrc.api.main[0m - [32mINFO[0m - log_requests:122 - {"method": "GET", "url": "https://localhost:8000/", "client_ip": "213.55.85.89", "event": "Request started", "logger": "src.api.main", "level": "info", "timestamp": "2026-04-29T11:39:08.716357Z"}
2026-04-29 11:39:08 - [32msrc.api.main[0m - [32mINFO[0m - log_requests:122 - {"method": "POST", "url": "http://127.0.0.1:8000/api/v1/pipeline/run", "client_ip": "127.0.0.1", "event": "Request started", "logger": "src.api.main", "level": "info", "timestamp": "2026-04-29T11:39:08.716892Z"}
2026-04-29 11:39:08 - [32msrc.api.main[0m - [32mINFO[0m - log_requests:134 - {"method": "POST", "url": "http://127.0.0.1:8000/api/v1/pipeline/run", "status_code": 200, "process_time": 0.004041433334350586, "event": "Request completed", "logger": "src.api.main", "level": "info", "timestamp": "2026-04-29T11:39:08.719770Z"}
2026-04-29 11:39:08 - [32msrc.api.main[0m - [32mINFO[0m - log_requests:134 - {"method": "GET", "url": "https://localhost:8000/", "status_code": 200, "process_time": 0.003825664520263672, "event": "Request completed", "logger": "src.api.main", "level": "info", "timestamp": "2026-04-29T11:39:08.720173Z"}
2026-04-29 11:39:08 - [32msrc.api.main[0m - [32mINFO[0m - log_requests:134 - {"method": "POST", "url": "http://127.0.0.1:8000/api/v1/pipeline/run", "status_code": 200, "process_time": 0.0054705142974853516, "event": "Request completed", "logger": "src.api.main", "level": "info", "timestamp": "2026-04-29T11:39:08.722357Z"}
2026-04-29 11:39:08 - [32msrc.api.routes[0m - [32mINFO[0m - _run_pipeline_task:344 - {"event": "Starting pipeline execution in background", "logger": "src.api.routes", "level": "info", "timestamp": "2026-04-29T11:39:08.723583Z"}
2026-04-29 11:39:08 - [32msrc.data.processor[0m - [32mINFO[0m - process_pipeline:287 - {"event": "Starting complete processing pipeline", "logger": "src.data.processor", "level": "info", "timestamp": "2026-04-29T11:39:08.724652Z"}
2026-04-29 11:39:08 - [32msrc.data.processor[0m - [32mINFO[0m - load_data:104 - {"file_path": "data/raw/beijing_demo.csv", "event": "Loading data", "logger": "src.data.processor", "level": "info", "timestamp": "2026-04-29T11:39:08.725002Z"}
2026-04-29 11:39:08 - [32msrc.data.processor[0m - [32mINFO[0m - _create_spark_session:72 - {"event": "Spark session created successfully", "logger": "src.data.processor", "level": "info", "timestamp": "2026-04-29T11:39:08.742947Z"}
2026-04-29 11:39:08 - [32msrc.api.main[0m - [32mINFO[0m - initialize_components:80 - {"event": "SparkDataProcessor initialized", "logger": "src.api.main", "level": "info", "timestamp": "2026-04-29T11:39:08.743552Z"}
2026-04-29 11:39:08 - [32msrc.api.main[0m - [32mINFO[0m - initialize_components:89 - {"event": "Components initialized successfully", "logger": "src.api.main", "level": "info", "timestamp": "2026-04-29T11:39:08.743836Z"}
2026-04-29 11:39:08 - [32msrc.api.main[0m - [32mINFO[0m - lifespan:38 - {"event": "AirSense API startup completed", "logger": "src.api.main", "level": "info", "timestamp": "2026-04-29T11:39:08.744104Z"}
2026-04-29 11:39:08 - [32mpy4j.clientserver[0m - [32mINFO[0m - close:570 - Closing down clientserver connection
2026-04-29 11:39:10 - [31msrc.data.processor[0m - [31mERROR[0m - load_data:129 - {"file_path": "data/raw/beijing_demo.csv", "error": "getSubject is not supported", "event": "Failed to load data", "logger": "src.data.processor", "level": "error", "timestamp": "2026-04-29T11:39:10.626886Z"}
2026-04-29 11:39:10 - [31msrc.data.processor[0m - [31mERROR[0m - wrapper:147 - {"function": "load_data", "duration_seconds": 1.911544, "error": "Failed to load data from data/raw/beijing_demo.csv: getSubject is not supported", "error_type": "DataProcessingError", "event": "Function execution failed", "logger": "src.data.processor", "level": "error", "timestamp": "2026-04-29T11:39:10.642548Z"}
2026-04-29 11:39:10 - [31msrc.data.processor[0m - [31mERROR[0m - process_pipeline:340 - {"error": "Failed to load data from data/raw/beijing_demo.csv: getSubject is not supported", "event": "Processing pipeline failed", "logger": "src.data.processor", "level": "error", "timestamp": "2026-04-29T11:39:10.643795Z"}
2026-04-29 11:39:10 - [31msrc.data.processor[0m - [31mERROR[0m - wrapper:147 - {"function": "process_pipeline", "duration_seconds": 1.920157, "error": "Processing pipeline failed: Failed to load data from data/raw/beijing_demo.csv: getSubject is not supported", "error_type": "DataProcessingError", "event": "Function execution failed", "logger": "src.data.processor", "level": "error", "timestamp": "2026-04-29T11:39:10.644952Z"}
2026-04-29 11:39:10 - [31msrc.api.routes[0m - [31mERROR[0m - _run_pipeline_task:366 - {"event": "Pipeline execution failed: Processing pipeline failed: Failed to load data from data/raw/beijing_demo.csv: getSubject is not supported", "logger": "src.api.routes", "level": "error", "timestamp": "2026-04-29T11:39:10.645904Z"}
2026-04-29 11:39:10 - [32msrc.api.routes[0m - [32mINFO[0m - _run_pipeline_task:344 - {"event": "Starting pipeline execution in background", "logger": "src.api.routes", "level": "info", "timestamp": "2026-04-29T11:39:10.647124Z"}
2026-04-29 11:39:10 - [32msrc.data.processor[0m - [32mINFO[0m - process_pipeline:287 - {"event": "Starting complete processing pipeline", "logger": "src.data.processor", "level": "info", "timestamp": "2026-04-29T11:39:10.648887Z"}
2026-04-29 11:39:10 - [32msrc.data.processor[0m - [32mINFO[0m - load_data:104 - {"file_path": "data/raw/beijing_demo.csv", "event": "Loading data", "logger": "src.data.processor", "level": "info", "timestamp": "2026-04-29T11:39:10.649698Z"}
2026-04-29 11:39:10 - [31msrc.data.processor[0m - [31mERROR[0m - load_data:129 - {"file_path": "data/raw/beijing_demo.csv", "error": "getSubject is not supported", "event": "Failed to load data", "logger": "src.data.processor", "level": "error", "timestamp": "2026-04-29T11:39:10.802739Z"}
2026-04-29 11:39:10 - [31msrc.data.processor[0m - [31mERROR[0m - wrapper:147 - {"function": "load_data", "duration_seconds": 0.154658, "error": "Failed to load data from data/raw/beijing_demo.csv: getSubject is not supported", "error_type": "DataProcessingError", "event": "Function execution failed", "logger": "src.data.processor", "level": "error", "timestamp": "2026-04-29T11:39:10.804392Z"}
2026-04-29 11:39:10 - [31msrc.data.processor[0m - [31mERROR[0m - process_pipeline:340 - {"error": "Failed to load data from data/raw/beijing_demo.csv: getSubject is not supported", "event": "Processing pipeline failed", "logger": "src.data.processor", "level": "error", "timestamp": "2026-04-29T11:39:10.805765Z"}
2026-04-29 11:39:10 - [31msrc.data.processor[0m - [31mERROR[0m - wrapper:147 - {"function": "process_pipeline", "duration_seconds": 0.157099, "error": "Processing pipeline failed: Failed to load data from data/raw/beijing_demo.csv: getSubject is not supported", "error_type": "DataProcessingError", "event": "Function execution failed", "logger": "src.data.processor", "level": "error", "timestamp": "2026-04-29T11:39:10.806006Z"}
2026-04-29 11:39:10 - [31msrc.api.routes[0m - [31mERROR[0m - _run_pipeline_task:366 - {"event": "Pipeline execution failed: Processing pipeline failed: Failed to load data from data/raw/beijing_demo.csv: getSubject is not supported", "logger": "src.api.routes", "level": "error", "timestamp": "2026-04-29T11:39:10.806320Z"}
2026-04-29 11:42:08 - [32msrc.api.main[0m - [32mINFO[0m - log_requests:122 - {"method": "GET", "url": "https://localhost:8000/", "client_ip": "213.55.85.89", "event": "Request started", "logger": "src.api.main", "level": "info", "timestamp": "2026-04-29T11:42:08.595427Z"}
2026-04-29 11:42:08 - [32msrc.api.main[0m - [32mINFO[0m - log_requests:134 - {"method": "GET", "url": "https://localhost:8000/", "status_code": 200, "process_time": 0.000774383544921875, "event": "Request completed", "logger": "src.api.main", "level": "info", "timestamp": "2026-04-29T11:42:08.596181Z"}
2026-04-29 11:49:57 - [32msrc.api.main[0m - [32mINFO[0m - lifespan:47 - {"event": "AirSense API shutting down", "logger": "src.api.main", "level": "info", "timestamp": "2026-04-29T11:49:57.239409Z"}
2026-04-29 11:50:05 - [32msrc.api.main[0m - [32mINFO[0m - lifespan:33 - {"version": "1.0.0", "event": "AirSense API starting up", "logger": "src.api.main", "level": "info", "timestamp": "2026-04-29T11:50:05.693382Z"}
2026-04-29 11:50:05 - [32msrc.api.main[0m - [32mINFO[0m - initialize_components:71 - {"event": "TimeSeriesForecaster initialized", "logger": "src.api.main", "level": "info", "timestamp": "2026-04-29T11:50:05.693750Z"}
2026-04-29 11:50:05 - [32msrc.data.processor[0m - [32mINFO[0m - _create_spark_session:59 - {"config": {"spark.app.name": "AirSense", "spark.sql.adaptive.enabled": "true", "spark.sql.adaptive.coalescePartitions.enabled": "true", "spark.sql.adaptive.advisoryPartitionSizeInBytes": "128MB", "spark.sql.execution.arrow.pyspark.enabled": "true", "spark.serializer": "org.apache.spark.serializer.KryoSerializer", "spark.executor.memory": "4g", "spark.driver.memory": "2g", "spark.executor.cores": "2"}, "event": "Creating Spark session", "logger": "src.data.processor", "level": "info", "timestamp": "2026-04-29T11:50:05.693997Z"}
2026-04-29 11:50:14 - [32msrc.data.processor[0m - [32mINFO[0m - _create_spark_session:72 - {"event": "Spark session created successfully", "logger": "src.data.processor", "level": "info", "timestamp": "2026-04-29T11:50:14.325631Z"}
2026-04-29 11:50:14 - [32msrc.api.main[0m - [32mINFO[0m - initialize_components:80 - {"event": "SparkDataProcessor initialized", "logger": "src.api.main", "level": "info", "timestamp": "2026-04-29T11:50:14.326473Z"}
2026-04-29 11:50:14 - [32msrc.api.main[0m - [32mINFO[0m - initialize_components:89 - {"event": "Components initialized successfully", "logger": "src.api.main", "level": "info", "timestamp": "2026-04-29T11:50:14.326747Z"}
2026-04-29 11:50:14 - [32msrc.api.main[0m - [32mINFO[0m - lifespan:38 - {"event": "AirSense API startup completed", "logger": "src.api.main", "level": "info", "timestamp": "2026-04-29T11:50:14.326998Z"}
2026-04-29 11:51:06 - [32msrc.api.main[0m - [32mINFO[0m - log_requests:122 - {"method": "GET", "url": "https://localhost:8000/", "client_ip": "213.55.85.89", "event": "Request started", "logger": "src.api.main", "level": "info", "timestamp": "2026-04-29T11:51:06.073240Z"}
2026-04-29 11:51:06 - [32msrc.api.main[0m - [32mINFO[0m - log_requests:134 - {"method": "GET", "url": "https://localhost:8000/", "status_code": 200, "process_time": 0.001224517822265625, "event": "Request completed", "logger": "src.api.main", "level": "info", "timestamp": "2026-04-29T11:51:06.074433Z"}
